<?xml version="1.0" encoding="UTF-8"?>
<testng-results skipped="0" failed="0" total="1" passed="1">
  <reporter-output>
  </reporter-output>
  <suite name="Default suite" duration-ms="151" started-at="2018-12-03T06:37:55Z" finished-at="2018-12-03T06:37:55Z">
    <groups>
    </groups>
    <test name="Default test" duration-ms="151" started-at="2018-12-03T06:37:55Z" finished-at="2018-12-03T06:37:55Z">
      <class name="TestMaven.Project.AppTest">
        <test-method status="PASS" signature="testABC()[pri:0, instance:null(TestMaven.Project.AppTest)]" name="testABC" duration-ms="60" started-at="2018-12-03T12:07:55Z" finished-at="2018-12-03T12:07:55Z">
          <reporter-output>
          </reporter-output>
        </test-method> <!-- testABC -->
      </class> <!-- TestMaven.Project.AppTest -->
    </test> <!-- Default test -->
  </suite> <!-- Default suite -->
</testng-results>
